"Severity","ThreadID","Date","Time","Application","Message"
"ERROR","web-0","01/06/2014","20:50:06","","The following has evaluated to null or missing:
==> context.TEMPLATE  [in template ""dump.ftl"" at line 9, column 39]

Tip: If the failing expression is known to be legally null/missing, either specify a default value with myOptionalVar!myDefault, or use <#if myOptionalVar??>when-present<#else>when-missing</#if>. (These only cover the last step of the expression; to cover the whole expression, use parenthessis: (myOptionVar.foo)!myDefault, (myOptionVar.foo)??

The failing instruction:
==> ${context.TEMPLATE}  [in template ""dump.ftl"" at line 9, column 37]"
"ERROR","web-0","01/06/2014","20:50:18","","The following has evaluated to null or missing:
==> context.TEMPLATE  [in template ""dump.ftl"" at line 9, column 39]

Tip: If the failing expression is known to be legally null/missing, either specify a default value with myOptionalVar!myDefault, or use <#if myOptionalVar??>when-present<#else>when-missing</#if>. (These only cover the last step of the expression; to cover the whole expression, use parenthessis: (myOptionVar.foo)!myDefault, (myOptionVar.foo)??

The failing instruction:
==> ${context.TEMPLATE}  [in template ""dump.ftl"" at line 9, column 37]"
"ERROR","web-0","01/06/2014","20:50:19","","The following has evaluated to null or missing:
==> context.TEMPLATE  [in template ""dump.ftl"" at line 9, column 39]

Tip: If the failing expression is known to be legally null/missing, either specify a default value with myOptionalVar!myDefault, or use <#if myOptionalVar??>when-present<#else>when-missing</#if>. (These only cover the last step of the expression; to cover the whole expression, use parenthessis: (myOptionVar.foo)!myDefault, (myOptionVar.foo)??

The failing instruction:
==> ${context.TEMPLATE}  [in template ""dump.ftl"" at line 9, column 37]"
"ERROR","web-0","01/06/2014","20:50:35","","The following has evaluated to null or missing:
==> context.TEMPLATE  [in template ""dump.ftl"" at line 9, column 39]

Tip: If the failing expression is known to be legally null/missing, either specify a default value with myOptionalVar!myDefault, or use <#if myOptionalVar??>when-present<#else>when-missing</#if>. (These only cover the last step of the expression; to cover the whole expression, use parenthessis: (myOptionVar.foo)!myDefault, (myOptionVar.foo)??

The failing instruction:
==> ${context.TEMPLATE}  [in template ""dump.ftl"" at line 9, column 37]"
"ERROR","web-0","01/06/2014","20:52:03","","variable [SCONTENT] doesn't exist"
