"Severity","ThreadID","Date","Time","Application","Message"
"ERROR","web-0","01/06/2014","20:50:06","","The following has evaluated to null or missing:
==> context.TEMPLATE  [in template ""dump.ftl"" at line 9, column 39]

Tip: If the failing expression is known to be legally null/missing, either specify a default value with myOptionalVar!myDefault, or use <#if myOptionalVar??>when-present<#else>when-missing</#if>. (These only cover the last step of the expression; to cover the whole expression, use parenthessis: (myOptionVar.foo)!myDefault, (myOptionVar.foo)??

The failing instruction:
==> ${context.TEMPLATE}  [in template ""dump.ftl"" at line 9, column 37]
	at freemarker.core.InvalidReferenceException.getInstance(InvalidReferenceException.java:98):98
	at freemarker.core.EvalUtil.coerceModelToString(EvalUtil.java:382):382
	at freemarker.core.Expression.evalAndCoerceToString(Expression.java:115):115
	at freemarker.core.DollarVariable.accept(DollarVariable.java:76):76
	at freemarker.core.Environment.visit(Environment.java:265):265
	at freemarker.core.MixedContent.accept(MixedContent.java:93):93
	at freemarker.core.Environment.visitByHiddingParent(Environment.java:286):286
	at freemarker.core.IteratorBlock$Context.runLoop(IteratorBlock.java:193):193
	at freemarker.core.Environment.visitIteratorBlock(Environment.java:509):509
	at freemarker.core.IteratorBlock.accept(IteratorBlock.java:103):103
	at freemarker.core.Environment.visit(Environment.java:265):265
	at freemarker.core.MixedContent.accept(MixedContent.java:93):93
	at freemarker.core.Environment.visit(Environment.java:265):265
	at freemarker.core.Environment.process(Environment.java:243):243
	at freemarker.template.Template.process(Template.java:277):277
	at sun.reflect.NativeMethodAccessorImpl.invoke0(Native Method):-2
	at sun.reflect.NativeMethodAccessorImpl.invoke(NativeMethodAccessorImpl.java:57):57
	at sun.reflect.DelegatingMethodAccessorImpl.invoke(DelegatingMethodAccessorImpl.java:43):43
	at java.lang.reflect.Method.invoke(Method.java:606):606
	at railo.runtime.reflection.pairs.MethodInstance.invoke(MethodInstance.java:37):37
	at railo.runtime.reflection.Reflector.callMethod(Reflector.java:820):820
	at railo.runtime.util.VariableUtilImpl.callFunctionWithoutNamedValues(VariableUtilImpl.java:722):722
	at railo.runtime.PageContextImpl.getFunction(PageContextImpl.java:1471):1471
	at freemarker_cfc$cf.udfCall(/var/www/freemarkertest/components/Freemarker.cfc:46):46
	at railo.runtime.type.UDFImpl.implementation(UDFImpl.java:95):95
	at railo.runtime.type.UDFImpl._call(UDFImpl.java:308):308
	at railo.runtime.type.UDFImpl.call(UDFImpl.java:212):212
	at railo.runtime.ComponentImpl._call(ComponentImpl.java:623):623
	at railo.runtime.ComponentImpl._call(ComponentImpl.java:506):506
	at railo.runtime.ComponentImpl.call(ComponentImpl.java:1732):1732
	at railo.runtime.util.VariableUtilImpl.callFunctionWithoutNamedValues(VariableUtilImpl.java:713):713
	at railo.runtime.PageContextImpl.getFunction(PageContextImpl.java:1471):1471
	at basecontroller_cfc$cf.udfCall(/var/www/freemarkertest/components/BaseController.cfc:25):25
	at railo.runtime.type.UDFImpl.implementation(UDFImpl.java:95):95
	at railo.runtime.type.UDFImpl._call(UDFImpl.java:308):308
	at railo.runtime.type.UDFImpl.call(UDFImpl.java:212):212
	at railo.runtime.ComponentImpl._call(ComponentImpl.java:623):623
	at railo.runtime.ComponentImpl._call(ComponentImpl.java:506):506
	at railo.runtime.ComponentImpl.call(ComponentImpl.java:1732):1732
	at railo.runtime.util.VariableUtilImpl.callFunctionWithoutNamedValues(VariableUtilImpl.java:713):713
	at railo.runtime.PageContextImpl.getFunction(PageContextImpl.java:1471):1471
	at index_cfm$cf.call(/var/www/freemarkertest/web/index.cfm:53):53
	at railo.runtime.PageContextImpl.doInclude(PageContextImpl.java:838):838
	at railo.runtime.PageContextImpl.doInclude(PageContextImpl.java:790):790
	at railo.runtime.listener.ModernAppListener._onRequest(ModernAppListener.java:205):205
	at railo.runtime.listener.MixedAppListener.onRequest(MixedAppListener.java:18):18
	at railo.runtime.PageContextImpl.execute(PageContextImpl.java:2135):2135
	at railo.runtime.PageContextImpl.execute(PageContextImpl.java:2102):2102
	at railo.runtime.engine.CFMLEngineImpl.serviceCFML(CFMLEngineImpl.java:332):332
	at railo.loader.servlet.CFMLServlet.service(CFMLServlet.java:29):29
	at javax.servlet.http.HttpServlet.service(HttpServlet.java:728):728
	at org.apache.catalina.core.ApplicationFilterChain.internalDoFilter(ApplicationFilterChain.java:305):305
	at org.apache.catalina.core.ApplicationFilterChain.doFilter(ApplicationFilterChain.java:210):210
	at org.apache.tomcat.websocket.server.WsFilter.doFilter(WsFilter.java:51):51
	at org.apache.catalina.core.ApplicationFilterChain.internalDoFilter(ApplicationFilterChain.java:243):243
	at org.apache.catalina.core.ApplicationFilterChain.doFilter(ApplicationFilterChain.java:210):210
	at org.apache.catalina.core.StandardWrapperValve.invoke(StandardWrapperValve.java:222):222
	at org.apache.catalina.core.StandardContextValve.invoke(StandardContextValve.java:123):123
	at org.apache.catalina.authenticator.AuthenticatorBase.invoke(AuthenticatorBase.java:502):502
	at org.apache.catalina.core.StandardHostValve.invoke(StandardHostValve.java:171):171
	at org.apache.catalina.valves.ErrorReportValve.invoke(ErrorReportValve.java:100):100
	at org.apache.catalina.core.StandardEngineValve.invoke(StandardEngineValve.java:118):118
	at org.apache.catalina.connector.CoyoteAdapter.service(CoyoteAdapter.java:408):408
	at org.apache.coyote.http11.AbstractHttp11Processor.process(AbstractHttp11Processor.java:1041):1041
	at org.apache.coyote.AbstractProtocol$AbstractConnectionHandler.process(AbstractProtocol.java:603):603
	at org.apache.tomcat.util.net.JIoEndpoint$SocketProcessor.run(JIoEndpoint.java:310):310
	at java.util.concurrent.ThreadPoolExecutor.runWorker(ThreadPoolExecutor.java:1145):1145
	at java.util.concurrent.ThreadPoolExecutor$Worker.run(ThreadPoolExecutor.java:615):615
	at java.lang.Thread.run(Thread.java:744):744
"
"ERROR","web-0","01/06/2014","20:50:18","","The following has evaluated to null or missing:
==> context.TEMPLATE  [in template ""dump.ftl"" at line 9, column 39]

Tip: If the failing expression is known to be legally null/missing, either specify a default value with myOptionalVar!myDefault, or use <#if myOptionalVar??>when-present<#else>when-missing</#if>. (These only cover the last step of the expression; to cover the whole expression, use parenthessis: (myOptionVar.foo)!myDefault, (myOptionVar.foo)??

The failing instruction:
==> ${context.TEMPLATE}  [in template ""dump.ftl"" at line 9, column 37]
	at freemarker.core.InvalidReferenceException.getInstance(InvalidReferenceException.java:98):98
	at freemarker.core.EvalUtil.coerceModelToString(EvalUtil.java:382):382
	at freemarker.core.Expression.evalAndCoerceToString(Expression.java:115):115
	at freemarker.core.DollarVariable.accept(DollarVariable.java:76):76
	at freemarker.core.Environment.visit(Environment.java:265):265
	at freemarker.core.MixedContent.accept(MixedContent.java:93):93
	at freemarker.core.Environment.visitByHiddingParent(Environment.java:286):286
	at freemarker.core.IteratorBlock$Context.runLoop(IteratorBlock.java:193):193
	at freemarker.core.Environment.visitIteratorBlock(Environment.java:509):509
	at freemarker.core.IteratorBlock.accept(IteratorBlock.java:103):103
	at freemarker.core.Environment.visit(Environment.java:265):265
	at freemarker.core.MixedContent.accept(MixedContent.java:93):93
	at freemarker.core.Environment.visit(Environment.java:265):265
	at freemarker.core.Environment.process(Environment.java:243):243
	at freemarker.template.Template.process(Template.java:277):277
	at sun.reflect.NativeMethodAccessorImpl.invoke0(Native Method):-2
	at sun.reflect.NativeMethodAccessorImpl.invoke(NativeMethodAccessorImpl.java:57):57
	at sun.reflect.DelegatingMethodAccessorImpl.invoke(DelegatingMethodAccessorImpl.java:43):43
	at java.lang.reflect.Method.invoke(Method.java:606):606
	at railo.runtime.reflection.pairs.MethodInstance.invoke(MethodInstance.java:37):37
	at railo.runtime.reflection.Reflector.callMethod(Reflector.java:820):820
	at railo.runtime.util.VariableUtilImpl.callFunctionWithoutNamedValues(VariableUtilImpl.java:722):722
	at railo.runtime.PageContextImpl.getFunction(PageContextImpl.java:1471):1471
	at freemarker_cfc$cf.udfCall(/var/www/freemarkertest/components/Freemarker.cfc:46):46
	at railo.runtime.type.UDFImpl.implementation(UDFImpl.java:95):95
	at railo.runtime.type.UDFImpl._call(UDFImpl.java:308):308
	at railo.runtime.type.UDFImpl.call(UDFImpl.java:212):212
	at railo.runtime.ComponentImpl._call(ComponentImpl.java:623):623
	at railo.runtime.ComponentImpl._call(ComponentImpl.java:506):506
	at railo.runtime.ComponentImpl.call(ComponentImpl.java:1732):1732
	at railo.runtime.util.VariableUtilImpl.callFunctionWithoutNamedValues(VariableUtilImpl.java:713):713
	at railo.runtime.PageContextImpl.getFunction(PageContextImpl.java:1471):1471
	at basecontroller_cfc$cf.udfCall(/var/www/freemarkertest/components/BaseController.cfc:25):25
	at railo.runtime.type.UDFImpl.implementation(UDFImpl.java:95):95
	at railo.runtime.type.UDFImpl._call(UDFImpl.java:308):308
	at railo.runtime.type.UDFImpl.call(UDFImpl.java:212):212
	at railo.runtime.ComponentImpl._call(ComponentImpl.java:623):623
	at railo.runtime.ComponentImpl._call(ComponentImpl.java:506):506
	at railo.runtime.ComponentImpl.call(ComponentImpl.java:1732):1732
	at railo.runtime.util.VariableUtilImpl.callFunctionWithoutNamedValues(VariableUtilImpl.java:713):713
	at railo.runtime.PageContextImpl.getFunction(PageContextImpl.java:1471):1471
	at index_cfm$cf.call(/var/www/freemarkertest/web/index.cfm:53):53
	at railo.runtime.PageContextImpl.doInclude(PageContextImpl.java:838):838
	at railo.runtime.PageContextImpl.doInclude(PageContextImpl.java:790):790
	at railo.runtime.listener.ModernAppListener._onRequest(ModernAppListener.java:205):205
	at railo.runtime.listener.MixedAppListener.onRequest(MixedAppListener.java:18):18
	at railo.runtime.PageContextImpl.execute(PageContextImpl.java:2135):2135
	at railo.runtime.PageContextImpl.execute(PageContextImpl.java:2102):2102
	at railo.runtime.engine.CFMLEngineImpl.serviceCFML(CFMLEngineImpl.java:332):332
	at railo.loader.servlet.CFMLServlet.service(CFMLServlet.java:29):29
	at javax.servlet.http.HttpServlet.service(HttpServlet.java:728):728
	at org.apache.catalina.core.ApplicationFilterChain.internalDoFilter(ApplicationFilterChain.java:305):305
	at org.apache.catalina.core.ApplicationFilterChain.doFilter(ApplicationFilterChain.java:210):210
	at org.apache.tomcat.websocket.server.WsFilter.doFilter(WsFilter.java:51):51
	at org.apache.catalina.core.ApplicationFilterChain.internalDoFilter(ApplicationFilterChain.java:243):243
	at org.apache.catalina.core.ApplicationFilterChain.doFilter(ApplicationFilterChain.java:210):210
	at org.apache.catalina.core.StandardWrapperValve.invoke(StandardWrapperValve.java:222):222
	at org.apache.catalina.core.StandardContextValve.invoke(StandardContextValve.java:123):123
	at org.apache.catalina.authenticator.AuthenticatorBase.invoke(AuthenticatorBase.java:502):502
	at org.apache.catalina.core.StandardHostValve.invoke(StandardHostValve.java:171):171
	at org.apache.catalina.valves.ErrorReportValve.invoke(ErrorReportValve.java:100):100
	at org.apache.catalina.core.StandardEngineValve.invoke(StandardEngineValve.java:118):118
	at org.apache.catalina.connector.CoyoteAdapter.service(CoyoteAdapter.java:408):408
	at org.apache.coyote.http11.AbstractHttp11Processor.process(AbstractHttp11Processor.java:1041):1041
	at org.apache.coyote.AbstractProtocol$AbstractConnectionHandler.process(AbstractProtocol.java:603):603
	at org.apache.tomcat.util.net.JIoEndpoint$SocketProcessor.run(JIoEndpoint.java:310):310
	at java.util.concurrent.ThreadPoolExecutor.runWorker(ThreadPoolExecutor.java:1145):1145
	at java.util.concurrent.ThreadPoolExecutor$Worker.run(ThreadPoolExecutor.java:615):615
	at java.lang.Thread.run(Thread.java:744):744
"
"ERROR","web-0","01/06/2014","20:50:19","","The following has evaluated to null or missing:
==> context.TEMPLATE  [in template ""dump.ftl"" at line 9, column 39]

Tip: If the failing expression is known to be legally null/missing, either specify a default value with myOptionalVar!myDefault, or use <#if myOptionalVar??>when-present<#else>when-missing</#if>. (These only cover the last step of the expression; to cover the whole expression, use parenthessis: (myOptionVar.foo)!myDefault, (myOptionVar.foo)??

The failing instruction:
==> ${context.TEMPLATE}  [in template ""dump.ftl"" at line 9, column 37]
	at freemarker.core.InvalidReferenceException.getInstance(InvalidReferenceException.java:98):98
	at freemarker.core.EvalUtil.coerceModelToString(EvalUtil.java:382):382
	at freemarker.core.Expression.evalAndCoerceToString(Expression.java:115):115
	at freemarker.core.DollarVariable.accept(DollarVariable.java:76):76
	at freemarker.core.Environment.visit(Environment.java:265):265
	at freemarker.core.MixedContent.accept(MixedContent.java:93):93
	at freemarker.core.Environment.visitByHiddingParent(Environment.java:286):286
	at freemarker.core.IteratorBlock$Context.runLoop(IteratorBlock.java:193):193
	at freemarker.core.Environment.visitIteratorBlock(Environment.java:509):509
	at freemarker.core.IteratorBlock.accept(IteratorBlock.java:103):103
	at freemarker.core.Environment.visit(Environment.java:265):265
	at freemarker.core.MixedContent.accept(MixedContent.java:93):93
	at freemarker.core.Environment.visit(Environment.java:265):265
	at freemarker.core.Environment.process(Environment.java:243):243
	at freemarker.template.Template.process(Template.java:277):277
	at sun.reflect.NativeMethodAccessorImpl.invoke0(Native Method):-2
	at sun.reflect.NativeMethodAccessorImpl.invoke(NativeMethodAccessorImpl.java:57):57
	at sun.reflect.DelegatingMethodAccessorImpl.invoke(DelegatingMethodAccessorImpl.java:43):43
	at java.lang.reflect.Method.invoke(Method.java:606):606
	at railo.runtime.reflection.pairs.MethodInstance.invoke(MethodInstance.java:37):37
	at railo.runtime.reflection.Reflector.callMethod(Reflector.java:820):820
	at railo.runtime.util.VariableUtilImpl.callFunctionWithoutNamedValues(VariableUtilImpl.java:722):722
	at railo.runtime.PageContextImpl.getFunction(PageContextImpl.java:1471):1471
	at freemarker_cfc$cf.udfCall(/var/www/freemarkertest/components/Freemarker.cfc:46):46
	at railo.runtime.type.UDFImpl.implementation(UDFImpl.java:95):95
	at railo.runtime.type.UDFImpl._call(UDFImpl.java:308):308
	at railo.runtime.type.UDFImpl.call(UDFImpl.java:212):212
	at railo.runtime.ComponentImpl._call(ComponentImpl.java:623):623
	at railo.runtime.ComponentImpl._call(ComponentImpl.java:506):506
	at railo.runtime.ComponentImpl.call(ComponentImpl.java:1732):1732
	at railo.runtime.util.VariableUtilImpl.callFunctionWithoutNamedValues(VariableUtilImpl.java:713):713
	at railo.runtime.PageContextImpl.getFunction(PageContextImpl.java:1471):1471
	at basecontroller_cfc$cf.udfCall(/var/www/freemarkertest/components/BaseController.cfc:25):25
	at railo.runtime.type.UDFImpl.implementation(UDFImpl.java:95):95
	at railo.runtime.type.UDFImpl._call(UDFImpl.java:308):308
	at railo.runtime.type.UDFImpl.call(UDFImpl.java:212):212
	at railo.runtime.ComponentImpl._call(ComponentImpl.java:623):623
	at railo.runtime.ComponentImpl._call(ComponentImpl.java:506):506
	at railo.runtime.ComponentImpl.call(ComponentImpl.java:1732):1732
	at railo.runtime.util.VariableUtilImpl.callFunctionWithoutNamedValues(VariableUtilImpl.java:713):713
	at railo.runtime.PageContextImpl.getFunction(PageContextImpl.java:1471):1471
	at index_cfm$cf.call(/var/www/freemarkertest/web/index.cfm:53):53
	at railo.runtime.PageContextImpl.doInclude(PageContextImpl.java:838):838
	at railo.runtime.PageContextImpl.doInclude(PageContextImpl.java:790):790
	at railo.runtime.listener.ModernAppListener._onRequest(ModernAppListener.java:205):205
	at railo.runtime.listener.MixedAppListener.onRequest(MixedAppListener.java:18):18
	at railo.runtime.PageContextImpl.execute(PageContextImpl.java:2135):2135
	at railo.runtime.PageContextImpl.execute(PageContextImpl.java:2102):2102
	at railo.runtime.engine.CFMLEngineImpl.serviceCFML(CFMLEngineImpl.java:332):332
	at railo.loader.servlet.CFMLServlet.service(CFMLServlet.java:29):29
	at javax.servlet.http.HttpServlet.service(HttpServlet.java:728):728
	at org.apache.catalina.core.ApplicationFilterChain.internalDoFilter(ApplicationFilterChain.java:305):305
	at org.apache.catalina.core.ApplicationFilterChain.doFilter(ApplicationFilterChain.java:210):210
	at org.apache.tomcat.websocket.server.WsFilter.doFilter(WsFilter.java:51):51
	at org.apache.catalina.core.ApplicationFilterChain.internalDoFilter(ApplicationFilterChain.java:243):243
	at org.apache.catalina.core.ApplicationFilterChain.doFilter(ApplicationFilterChain.java:210):210
	at org.apache.catalina.core.StandardWrapperValve.invoke(StandardWrapperValve.java:222):222
	at org.apache.catalina.core.StandardContextValve.invoke(StandardContextValve.java:123):123
	at org.apache.catalina.authenticator.AuthenticatorBase.invoke(AuthenticatorBase.java:502):502
	at org.apache.catalina.core.StandardHostValve.invoke(StandardHostValve.java:171):171
	at org.apache.catalina.valves.ErrorReportValve.invoke(ErrorReportValve.java:100):100
	at org.apache.catalina.core.StandardEngineValve.invoke(StandardEngineValve.java:118):118
	at org.apache.catalina.connector.CoyoteAdapter.service(CoyoteAdapter.java:408):408
	at org.apache.coyote.http11.AbstractHttp11Processor.process(AbstractHttp11Processor.java:1041):1041
	at org.apache.coyote.AbstractProtocol$AbstractConnectionHandler.process(AbstractProtocol.java:603):603
	at org.apache.tomcat.util.net.JIoEndpoint$SocketProcessor.run(JIoEndpoint.java:310):310
	at java.util.concurrent.ThreadPoolExecutor.runWorker(ThreadPoolExecutor.java:1145):1145
	at java.util.concurrent.ThreadPoolExecutor$Worker.run(ThreadPoolExecutor.java:615):615
	at java.lang.Thread.run(Thread.java:744):744
"
"ERROR","web-0","01/06/2014","20:50:35","","The following has evaluated to null or missing:
==> context.TEMPLATE  [in template ""dump.ftl"" at line 9, column 39]

Tip: If the failing expression is known to be legally null/missing, either specify a default value with myOptionalVar!myDefault, or use <#if myOptionalVar??>when-present<#else>when-missing</#if>. (These only cover the last step of the expression; to cover the whole expression, use parenthessis: (myOptionVar.foo)!myDefault, (myOptionVar.foo)??

The failing instruction:
==> ${context.TEMPLATE}  [in template ""dump.ftl"" at line 9, column 37]
	at freemarker.core.InvalidReferenceException.getInstance(InvalidReferenceException.java:98):98
	at freemarker.core.EvalUtil.coerceModelToString(EvalUtil.java:382):382
	at freemarker.core.Expression.evalAndCoerceToString(Expression.java:115):115
	at freemarker.core.DollarVariable.accept(DollarVariable.java:76):76
	at freemarker.core.Environment.visit(Environment.java:265):265
	at freemarker.core.MixedContent.accept(MixedContent.java:93):93
	at freemarker.core.Environment.visitByHiddingParent(Environment.java:286):286
	at freemarker.core.IteratorBlock$Context.runLoop(IteratorBlock.java:193):193
	at freemarker.core.Environment.visitIteratorBlock(Environment.java:509):509
	at freemarker.core.IteratorBlock.accept(IteratorBlock.java:103):103
	at freemarker.core.Environment.visit(Environment.java:265):265
	at freemarker.core.MixedContent.accept(MixedContent.java:93):93
	at freemarker.core.Environment.visit(Environment.java:265):265
	at freemarker.core.Environment.process(Environment.java:243):243
	at freemarker.template.Template.process(Template.java:277):277
	at sun.reflect.GeneratedMethodAccessor27.invoke(Unknown Source):-1
	at sun.reflect.DelegatingMethodAccessorImpl.invoke(DelegatingMethodAccessorImpl.java:43):43
	at java.lang.reflect.Method.invoke(Method.java:606):606
	at railo.runtime.reflection.pairs.MethodInstance.invoke(MethodInstance.java:37):37
	at railo.runtime.reflection.Reflector.callMethod(Reflector.java:820):820
	at railo.runtime.util.VariableUtilImpl.callFunctionWithoutNamedValues(VariableUtilImpl.java:722):722
	at railo.runtime.PageContextImpl.getFunction(PageContextImpl.java:1471):1471
	at freemarker_cfc$cf.udfCall(/var/www/freemarkertest/components/Freemarker.cfc:46):46
	at railo.runtime.type.UDFImpl.implementation(UDFImpl.java:95):95
	at railo.runtime.type.UDFImpl._call(UDFImpl.java:308):308
	at railo.runtime.type.UDFImpl.call(UDFImpl.java:212):212
	at railo.runtime.ComponentImpl._call(ComponentImpl.java:623):623
	at railo.runtime.ComponentImpl._call(ComponentImpl.java:506):506
	at railo.runtime.ComponentImpl.call(ComponentImpl.java:1732):1732
	at railo.runtime.util.VariableUtilImpl.callFunctionWithoutNamedValues(VariableUtilImpl.java:713):713
	at railo.runtime.PageContextImpl.getFunction(PageContextImpl.java:1471):1471
	at basecontroller_cfc$cf.udfCall(/var/www/freemarkertest/components/BaseController.cfc:25):25
	at railo.runtime.type.UDFImpl.implementation(UDFImpl.java:95):95
	at railo.runtime.type.UDFImpl._call(UDFImpl.java:308):308
	at railo.runtime.type.UDFImpl.call(UDFImpl.java:212):212
	at railo.runtime.ComponentImpl._call(ComponentImpl.java:623):623
	at railo.runtime.ComponentImpl._call(ComponentImpl.java:506):506
	at railo.runtime.ComponentImpl.call(ComponentImpl.java:1732):1732
	at railo.runtime.util.VariableUtilImpl.callFunctionWithoutNamedValues(VariableUtilImpl.java:713):713
	at railo.runtime.PageContextImpl.getFunction(PageContextImpl.java:1471):1471
	at index_cfm$cf.call(/var/www/freemarkertest/web/index.cfm:53):53
	at railo.runtime.PageContextImpl.doInclude(PageContextImpl.java:838):838
	at railo.runtime.PageContextImpl.doInclude(PageContextImpl.java:790):790
	at railo.runtime.listener.ModernAppListener._onRequest(ModernAppListener.java:205):205
	at railo.runtime.listener.MixedAppListener.onRequest(MixedAppListener.java:18):18
	at railo.runtime.PageContextImpl.execute(PageContextImpl.java:2135):2135
	at railo.runtime.PageContextImpl.execute(PageContextImpl.java:2102):2102
	at railo.runtime.engine.CFMLEngineImpl.serviceCFML(CFMLEngineImpl.java:332):332
	at railo.loader.servlet.CFMLServlet.service(CFMLServlet.java:29):29
	at javax.servlet.http.HttpServlet.service(HttpServlet.java:728):728
	at org.apache.catalina.core.ApplicationFilterChain.internalDoFilter(ApplicationFilterChain.java:305):305
	at org.apache.catalina.core.ApplicationFilterChain.doFilter(ApplicationFilterChain.java:210):210
	at org.apache.tomcat.websocket.server.WsFilter.doFilter(WsFilter.java:51):51
	at org.apache.catalina.core.ApplicationFilterChain.internalDoFilter(ApplicationFilterChain.java:243):243
	at org.apache.catalina.core.ApplicationFilterChain.doFilter(ApplicationFilterChain.java:210):210
	at org.apache.catalina.core.StandardWrapperValve.invoke(StandardWrapperValve.java:222):222
	at org.apache.catalina.core.StandardContextValve.invoke(StandardContextValve.java:123):123
	at org.apache.catalina.authenticator.AuthenticatorBase.invoke(AuthenticatorBase.java:502):502
	at org.apache.catalina.core.StandardHostValve.invoke(StandardHostValve.java:171):171
	at org.apache.catalina.valves.ErrorReportValve.invoke(ErrorReportValve.java:100):100
	at org.apache.catalina.core.StandardEngineValve.invoke(StandardEngineValve.java:118):118
	at org.apache.catalina.connector.CoyoteAdapter.service(CoyoteAdapter.java:408):408
	at org.apache.coyote.http11.AbstractHttp11Processor.process(AbstractHttp11Processor.java:1041):1041
	at org.apache.coyote.AbstractProtocol$AbstractConnectionHandler.process(AbstractProtocol.java:603):603
	at org.apache.tomcat.util.net.JIoEndpoint$SocketProcessor.run(JIoEndpoint.java:310):310
	at java.util.concurrent.ThreadPoolExecutor.runWorker(ThreadPoolExecutor.java:1145):1145
	at java.util.concurrent.ThreadPoolExecutor$Worker.run(ThreadPoolExecutor.java:615):615
	at java.lang.Thread.run(Thread.java:744):744
"
"ERROR","web-0","01/06/2014","20:52:03","","variable [SCONTENT] doesn't exist
	at railo.runtime.type.scope.UndefinedImpl.get(UndefinedImpl.java:207):207
	at index_cfm$cf.call(/var/www/freemarkertest/web/index.cfm:56):56
	at railo.runtime.PageContextImpl.doInclude(PageContextImpl.java:838):838
	at railo.runtime.PageContextImpl.doInclude(PageContextImpl.java:790):790
	at railo.runtime.listener.ModernAppListener._onRequest(ModernAppListener.java:205):205
	at railo.runtime.listener.MixedAppListener.onRequest(MixedAppListener.java:18):18
	at railo.runtime.PageContextImpl.execute(PageContextImpl.java:2135):2135
	at railo.runtime.PageContextImpl.execute(PageContextImpl.java:2102):2102
	at railo.runtime.engine.CFMLEngineImpl.serviceCFML(CFMLEngineImpl.java:332):332
	at railo.loader.servlet.CFMLServlet.service(CFMLServlet.java:29):29
	at javax.servlet.http.HttpServlet.service(HttpServlet.java:728):728
	at org.apache.catalina.core.ApplicationFilterChain.internalDoFilter(ApplicationFilterChain.java:305):305
	at org.apache.catalina.core.ApplicationFilterChain.doFilter(ApplicationFilterChain.java:210):210
	at org.apache.tomcat.websocket.server.WsFilter.doFilter(WsFilter.java:51):51
	at org.apache.catalina.core.ApplicationFilterChain.internalDoFilter(ApplicationFilterChain.java:243):243
	at org.apache.catalina.core.ApplicationFilterChain.doFilter(ApplicationFilterChain.java:210):210
	at org.apache.catalina.core.StandardWrapperValve.invoke(StandardWrapperValve.java:222):222
	at org.apache.catalina.core.StandardContextValve.invoke(StandardContextValve.java:123):123
	at org.apache.catalina.authenticator.AuthenticatorBase.invoke(AuthenticatorBase.java:502):502
	at org.apache.catalina.core.StandardHostValve.invoke(StandardHostValve.java:171):171
	at org.apache.catalina.valves.ErrorReportValve.invoke(ErrorReportValve.java:100):100
	at org.apache.catalina.core.StandardEngineValve.invoke(StandardEngineValve.java:118):118
	at org.apache.catalina.connector.CoyoteAdapter.service(CoyoteAdapter.java:408):408
	at org.apache.coyote.http11.AbstractHttp11Processor.process(AbstractHttp11Processor.java:1041):1041
	at org.apache.coyote.AbstractProtocol$AbstractConnectionHandler.process(AbstractProtocol.java:603):603
	at org.apache.tomcat.util.net.JIoEndpoint$SocketProcessor.run(JIoEndpoint.java:310):310
	at java.util.concurrent.ThreadPoolExecutor.runWorker(ThreadPoolExecutor.java:1145):1145
	at java.util.concurrent.ThreadPoolExecutor$Worker.run(ThreadPoolExecutor.java:615):615
	at java.lang.Thread.run(Thread.java:744):744
"
